Arguments: 
  /usr/local/Cellar/node/8.9.0/bin/node /usr/local/Cellar/yarn/1.3.2/libexec/bin/yarn.js install

PATH: 
  /Users/gao/.npm_modules/bin:/usr/local/packer:/usr/local/sbin:/usr/local/bin:/usr/bin:/bin:/usr/sbin:/sbin

Yarn version: 
  1.3.2

Node version: 
  8.9.0

Platform: 
  darwin x64

npm manifest: 
  {
    "name": "reveal-webpack",
    "version": "0.0.0",
    "description": "Run reveal.js use webpack build system.",
    "homepage": "",
    "author": {
      "name": "gsmlg",
      "email": "gsmlg.com@gmail.com",
      "url": ""
    },
    "files": [
      "*"
    ],
    "main": "src/index.js",
    "keywords": [
      "reveal",
      "keynote",
      "webpack"
    ],
    "devDependencies": {
      "autoprefixer": "^6.7.7",
      "babel-core": "^6.24.1",
      "babel-loader": "^7.0.0",
      "babel-polyfill": "^6.23.0",
      "copyfiles": "^1.2.0",
      "css-loader": "^0.28.1",
      "file-loader": "^0.11.1",
      "null-loader": "^0.1.1",
      "postcss": "^5.2.17",
      "postcss-loader": "^1.3.3",
      "raw-loader": "^0.5.1",
      "style-loader": "^0.17.0",
      "url-loader": "^0.5.8",
      "webpack-dev-server": "^2.4.5"
    },
    "dependencies": {
      "babel-preset-es2015": "^6.24.1",
      "babel-preset-stage-0": "^6.24.1",
      "cross-env": "^4.0.0",
      "highlight.js": "^9.11.0",
      "jquery": "^3.2.1",
      "reveal.js": "^3.4.1",
      "webpack": "^2.5.0"
    },
    "scripts": {
      "start": "npm run serve:dev",
      "serve:dev": "webpack-dev-server --env dev",
      "build": "webpack --env dist",
      "test": "echo no test"
    },
    "eslintConfig": {
      "extends": "xo-space",
      "env": {
        "jest": true,
        "node": true
      }
    },
    "repository": "",
    "license": "GPL-3.0"
  }

yarn manifest: 
  No manifest

Lockfile: 
  No lockfile

Trace: 
  Error: https://registry.yarnpkg.com/babel-preset-es2015: ETIMEDOUT
      at Timeout._onTimeout (/usr/local/Cellar/yarn/1.3.2/libexec/lib/cli.js:123749:19)
      at ontimeout (timers.js:475:11)
      at tryOnTimeout (timers.js:310:5)
      at Timer.listOnTimeout (timers.js:270:5)
